[2024-08-28T19:04:36.607+0000] {local_task_job_runner.py:123} INFO - ::group::Pre task execution logs
[2024-08-28T19:04:36.614+0000] {taskinstance.py:2603} INFO - Dependencies all met for dep_context=non-requeueable deps ti=<TaskInstance: taskflow.task_a scheduled__2024-08-27T00:00:00+00:00 [queued]>
[2024-08-28T19:04:36.617+0000] {taskinstance.py:2603} INFO - Dependencies all met for dep_context=requeueable deps ti=<TaskInstance: taskflow.task_a scheduled__2024-08-27T00:00:00+00:00 [queued]>
[2024-08-28T19:04:36.617+0000] {taskinstance.py:2856} INFO - Starting attempt 1 of 1
[2024-08-28T19:04:36.623+0000] {taskinstance.py:2879} INFO - Executing <Task(PythonOperator): task_a> on 2024-08-27 00:00:00+00:00
[2024-08-28T19:04:36.633+0000] {warnings.py:112} WARNING - /home/***/.local/lib/python3.12/site-packages/***/task/task_runner/standard_task_runner.py:70: DeprecationWarning: This process (pid=464) is multi-threaded, use of fork() may lead to deadlocks in the child.
  pid = os.fork()

[2024-08-28T19:04:36.635+0000] {standard_task_runner.py:72} INFO - Started process 468 to run task
[2024-08-28T19:04:36.635+0000] {standard_task_runner.py:104} INFO - Running: ['***', 'tasks', 'run', 'taskflow', 'task_a', 'scheduled__2024-08-27T00:00:00+00:00', '--job-id', '5', '--raw', '--subdir', 'DAGS_FOLDER/taskflow.py', '--cfg-path', '/tmp/tmpfcd_t151']
[2024-08-28T19:04:36.636+0000] {standard_task_runner.py:105} INFO - Job 5: Subtask task_a
[2024-08-28T19:04:36.708+0000] {task_command.py:467} INFO - Running <TaskInstance: taskflow.task_a scheduled__2024-08-27T00:00:00+00:00 [running]> on host 79c40605ee40
[2024-08-28T19:04:36.949+0000] {taskinstance.py:3122} INFO - Exporting env vars: AIRFLOW_CTX_DAG_OWNER='***' AIRFLOW_CTX_DAG_ID='taskflow' AIRFLOW_CTX_TASK_ID='task_a' AIRFLOW_CTX_EXECUTION_DATE='2024-08-27T00:00:00+00:00' AIRFLOW_CTX_TRY_NUMBER='1' AIRFLOW_CTX_DAG_RUN_ID='scheduled__2024-08-27T00:00:00+00:00'
[2024-08-28T19:04:36.956+0000] {logging_mixin.py:190} INFO - Task instance is in running state
[2024-08-28T19:04:36.957+0000] {logging_mixin.py:190} INFO -  Previous state of the Task instance: queued
[2024-08-28T19:04:36.957+0000] {logging_mixin.py:190} INFO - Current task name:task_a state:running start_date:2024-08-28 19:04:36.614560+00:00
[2024-08-28T19:04:36.958+0000] {logging_mixin.py:190} INFO - Dag name:taskflow and current dag run status:running
[2024-08-28T19:04:36.958+0000] {taskinstance.py:731} INFO - ::endgroup::
[2024-08-28T19:04:36.961+0000] {logging_mixin.py:190} INFO - Task A
[2024-08-28T19:04:36.961+0000] {python.py:240} INFO - Done. Returned value was: 42
[2024-08-28T19:04:36.991+0000] {taskinstance.py:340} INFO - ::group::Post task execution logs
[2024-08-28T19:04:36.991+0000] {taskinstance.py:352} INFO - Marking task as SUCCESS. dag_id=taskflow, task_id=task_a, run_id=scheduled__2024-08-27T00:00:00+00:00, execution_date=20240827T000000, start_date=20240828T190436, end_date=20240828T190436
[2024-08-28T19:04:36.999+0000] {logging_mixin.py:190} INFO - Task instance in success state
[2024-08-28T19:04:36.999+0000] {logging_mixin.py:190} INFO -  Previous state of the Task instance: running
[2024-08-28T19:04:37.000+0000] {logging_mixin.py:190} INFO - Dag name:taskflow queued_at:2024-08-28 19:04:29.169465+00:00
[2024-08-28T19:04:37.000+0000] {logging_mixin.py:190} INFO - Task hostname:79c40605ee40 operator:PythonOperator
[2024-08-28T19:04:37.021+0000] {local_task_job_runner.py:261} INFO - Task exited with return code 0
[2024-08-28T19:04:37.030+0000] {taskinstance.py:3891} INFO - 0 downstream tasks scheduled from follow-on schedule check
[2024-08-28T19:04:37.031+0000] {local_task_job_runner.py:240} INFO - ::endgroup::
