[2024-08-28T19:04:36.607+0000] {local_task_job_runner.py:123} INFO - ::group::Pre task execution logs
[2024-08-28T19:04:36.614+0000] {taskinstance.py:2603} INFO - Dependencies all met for dep_context=non-requeueable deps ti=<TaskInstance: taskflow.task_b scheduled__2024-08-27T00:00:00+00:00 [queued]>
[2024-08-28T19:04:36.617+0000] {taskinstance.py:2603} INFO - Dependencies all met for dep_context=requeueable deps ti=<TaskInstance: taskflow.task_b scheduled__2024-08-27T00:00:00+00:00 [queued]>
[2024-08-28T19:04:36.617+0000] {taskinstance.py:2856} INFO - Starting attempt 1 of 1
[2024-08-28T19:04:36.622+0000] {taskinstance.py:2879} INFO - Executing <Task(PythonOperator): task_b> on 2024-08-27 00:00:00+00:00
[2024-08-28T19:04:36.633+0000] {warnings.py:112} WARNING - /home/***/.local/lib/python3.12/site-packages/***/task/task_runner/standard_task_runner.py:70: DeprecationWarning: This process (pid=463) is multi-threaded, use of fork() may lead to deadlocks in the child.
  pid = os.fork()

[2024-08-28T19:04:36.635+0000] {standard_task_runner.py:72} INFO - Started process 467 to run task
[2024-08-28T19:04:36.637+0000] {standard_task_runner.py:104} INFO - Running: ['***', 'tasks', 'run', 'taskflow', 'task_b', 'scheduled__2024-08-27T00:00:00+00:00', '--job-id', '6', '--raw', '--subdir', 'DAGS_FOLDER/taskflow.py', '--cfg-path', '/tmp/tmp_h5lx403']
[2024-08-28T19:04:36.638+0000] {standard_task_runner.py:105} INFO - Job 6: Subtask task_b
[2024-08-28T19:04:36.815+0000] {task_command.py:467} INFO - Running <TaskInstance: taskflow.task_b scheduled__2024-08-27T00:00:00+00:00 [running]> on host 79c40605ee40
[2024-08-28T19:04:36.971+0000] {taskinstance.py:3122} INFO - Exporting env vars: AIRFLOW_CTX_DAG_OWNER='***' AIRFLOW_CTX_DAG_ID='taskflow' AIRFLOW_CTX_TASK_ID='task_b' AIRFLOW_CTX_EXECUTION_DATE='2024-08-27T00:00:00+00:00' AIRFLOW_CTX_TRY_NUMBER='1' AIRFLOW_CTX_DAG_RUN_ID='scheduled__2024-08-27T00:00:00+00:00'
[2024-08-28T19:04:36.972+0000] {logging_mixin.py:190} INFO - Task instance is in running state
[2024-08-28T19:04:36.973+0000] {logging_mixin.py:190} INFO -  Previous state of the Task instance: queued
[2024-08-28T19:04:36.973+0000] {logging_mixin.py:190} INFO - Current task name:task_b state:running start_date:2024-08-28 19:04:36.614560+00:00
[2024-08-28T19:04:36.973+0000] {logging_mixin.py:190} INFO - Dag name:taskflow and current dag run status:running
[2024-08-28T19:04:36.973+0000] {taskinstance.py:731} INFO - ::endgroup::
[2024-08-28T19:04:36.974+0000] {logging_mixin.py:190} INFO - Task B
[2024-08-28T19:04:36.981+0000] {logging_mixin.py:190} INFO - None
[2024-08-28T19:04:36.982+0000] {python.py:240} INFO - Done. Returned value was: None
[2024-08-28T19:04:37.002+0000] {taskinstance.py:340} INFO - ::group::Post task execution logs
[2024-08-28T19:04:37.004+0000] {taskinstance.py:352} INFO - Marking task as SUCCESS. dag_id=taskflow, task_id=task_b, run_id=scheduled__2024-08-27T00:00:00+00:00, execution_date=20240827T000000, start_date=20240828T190436, end_date=20240828T190437
[2024-08-28T19:04:37.009+0000] {logging_mixin.py:190} INFO - Task instance in success state
[2024-08-28T19:04:37.010+0000] {logging_mixin.py:190} INFO -  Previous state of the Task instance: running
[2024-08-28T19:04:37.010+0000] {logging_mixin.py:190} INFO - Dag name:taskflow queued_at:2024-08-28 19:04:29.169465+00:00
[2024-08-28T19:04:37.010+0000] {logging_mixin.py:190} INFO - Task hostname:79c40605ee40 operator:PythonOperator
[2024-08-28T19:04:37.021+0000] {local_task_job_runner.py:261} INFO - Task exited with return code 0
[2024-08-28T19:04:37.027+0000] {local_task_job_runner.py:240} INFO - ::endgroup::
