[2024-08-29T21:48:46.905+0000] {local_task_job_runner.py:123} INFO - ::group::Pre task execution logs
[2024-08-29T21:48:46.910+0000] {taskinstance.py:2603} INFO - Dependencies all met for dep_context=non-requeueable deps ti=<TaskInstance: stock_market.is_api_available scheduled__2024-08-28T00:00:00+00:00 [queued]>
[2024-08-29T21:48:46.913+0000] {taskinstance.py:2603} INFO - Dependencies all met for dep_context=requeueable deps ti=<TaskInstance: stock_market.is_api_available scheduled__2024-08-28T00:00:00+00:00 [queued]>
[2024-08-29T21:48:46.913+0000] {taskinstance.py:2856} INFO - Starting attempt 1 of 1
[2024-08-29T21:48:46.918+0000] {taskinstance.py:2879} INFO - Executing <Task(DecoratedSensorOperator): is_api_available> on 2024-08-28 00:00:00+00:00
[2024-08-29T21:48:46.927+0000] {warnings.py:112} WARNING - /home/***/.local/lib/python3.12/site-packages/***/task/task_runner/standard_task_runner.py:70: DeprecationWarning: This process (pid=839) is multi-threaded, use of fork() may lead to deadlocks in the child.
  pid = os.fork()

[2024-08-29T21:48:46.928+0000] {standard_task_runner.py:72} INFO - Started process 841 to run task
[2024-08-29T21:48:46.929+0000] {standard_task_runner.py:104} INFO - Running: ['***', 'tasks', 'run', 'stock_market', 'is_api_available', 'scheduled__2024-08-28T00:00:00+00:00', '--job-id', '32', '--raw', '--subdir', 'DAGS_FOLDER/stock_market.py', '--cfg-path', '/tmp/tmpepimqzmn']
[2024-08-29T21:48:46.929+0000] {standard_task_runner.py:105} INFO - Job 32: Subtask is_api_available
[2024-08-29T21:48:46.978+0000] {task_command.py:467} INFO - Running <TaskInstance: stock_market.is_api_available scheduled__2024-08-28T00:00:00+00:00 [running]> on host ea1894f07d47
[2024-08-29T21:48:48.163+0000] {taskinstance.py:3122} INFO - Exporting env vars: AIRFLOW_CTX_DAG_OWNER='***' AIRFLOW_CTX_DAG_ID='stock_market' AIRFLOW_CTX_TASK_ID='is_api_available' AIRFLOW_CTX_EXECUTION_DATE='2024-08-28T00:00:00+00:00' AIRFLOW_CTX_TRY_NUMBER='1' AIRFLOW_CTX_DAG_RUN_ID='scheduled__2024-08-28T00:00:00+00:00'
[2024-08-29T21:48:48.168+0000] {logging_mixin.py:190} INFO - Task instance is in running state
[2024-08-29T21:48:48.170+0000] {logging_mixin.py:190} INFO -  Previous state of the Task instance: queued
[2024-08-29T21:48:48.170+0000] {logging_mixin.py:190} INFO - Current task name:is_api_available state:running start_date:2024-08-29 21:48:46.911134+00:00
[2024-08-29T21:48:48.171+0000] {logging_mixin.py:190} INFO - Dag name:stock_market and current dag run status:running
[2024-08-29T21:48:48.172+0000] {taskinstance.py:731} INFO - ::endgroup::
[2024-08-29T21:48:48.177+0000] {python.py:75} INFO - Poking callable: <function stock_market.<locals>.is_api_available at 0xffff61417100>
[2024-08-29T21:48:48.196+0000] {base.py:84} INFO - Retrieving connection 'stock_api'
[2024-08-29T21:48:48.389+0000] {base.py:336} INFO - Success criteria met. Exiting.
[2024-08-29T21:48:48.446+0000] {taskinstance.py:340} INFO - ::group::Post task execution logs
[2024-08-29T21:48:48.446+0000] {taskinstance.py:352} INFO - Marking task as SUCCESS. dag_id=stock_market, task_id=is_api_available, run_id=scheduled__2024-08-28T00:00:00+00:00, execution_date=20240828T000000, start_date=20240829T214846, end_date=20240829T214848
[2024-08-29T21:48:48.456+0000] {logging_mixin.py:190} INFO - Task instance in success state
[2024-08-29T21:48:48.456+0000] {logging_mixin.py:190} INFO -  Previous state of the Task instance: running
[2024-08-29T21:48:48.457+0000] {logging_mixin.py:190} INFO - Dag name:stock_market queued_at:2024-08-29 21:48:40.469632+00:00
[2024-08-29T21:48:48.458+0000] {logging_mixin.py:190} INFO - Task hostname:ea1894f07d47 operator:DecoratedSensorOperator
[2024-08-29T21:48:48.477+0000] {local_task_job_runner.py:261} INFO - Task exited with return code 0
[2024-08-29T21:48:48.526+0000] {taskinstance.py:3891} INFO - 1 downstream tasks scheduled from follow-on schedule check
[2024-08-29T21:48:48.527+0000] {local_task_job_runner.py:240} INFO - ::endgroup::
