[2024-08-29T21:49:03.118+0000] {local_task_job_runner.py:123} INFO - ::group::Pre task execution logs
[2024-08-29T21:49:03.128+0000] {taskinstance.py:2603} INFO - Dependencies all met for dep_context=non-requeueable deps ti=<TaskInstance: stock_market.store_prices scheduled__2024-08-28T00:00:00+00:00 [queued]>
[2024-08-29T21:49:03.133+0000] {taskinstance.py:2603} INFO - Dependencies all met for dep_context=requeueable deps ti=<TaskInstance: stock_market.store_prices scheduled__2024-08-28T00:00:00+00:00 [queued]>
[2024-08-29T21:49:03.133+0000] {taskinstance.py:2856} INFO - Starting attempt 1 of 1
[2024-08-29T21:49:03.142+0000] {taskinstance.py:2879} INFO - Executing <Task(PythonOperator): store_prices> on 2024-08-28 00:00:00+00:00
[2024-08-29T21:49:03.155+0000] {warnings.py:112} WARNING - /home/***/.local/lib/python3.12/site-packages/***/task/task_runner/standard_task_runner.py:70: DeprecationWarning: This process (pid=847) is multi-threaded, use of fork() may lead to deadlocks in the child.
  pid = os.fork()

[2024-08-29T21:49:03.156+0000] {standard_task_runner.py:104} INFO - Running: ['***', 'tasks', 'run', 'stock_market', 'store_prices', 'scheduled__2024-08-28T00:00:00+00:00', '--job-id', '34', '--raw', '--subdir', 'DAGS_FOLDER/stock_market.py', '--cfg-path', '/tmp/tmpb0er7d1h']
[2024-08-29T21:49:03.157+0000] {standard_task_runner.py:72} INFO - Started process 856 to run task
[2024-08-29T21:49:03.157+0000] {standard_task_runner.py:105} INFO - Job 34: Subtask store_prices
[2024-08-29T21:49:03.227+0000] {task_command.py:467} INFO - Running <TaskInstance: stock_market.store_prices scheduled__2024-08-28T00:00:00+00:00 [running]> on host ea1894f07d47
[2024-08-29T21:49:03.322+0000] {taskinstance.py:3122} INFO - Exporting env vars: AIRFLOW_CTX_DAG_OWNER='***' AIRFLOW_CTX_DAG_ID='stock_market' AIRFLOW_CTX_TASK_ID='store_prices' AIRFLOW_CTX_EXECUTION_DATE='2024-08-28T00:00:00+00:00' AIRFLOW_CTX_TRY_NUMBER='1' AIRFLOW_CTX_DAG_RUN_ID='scheduled__2024-08-28T00:00:00+00:00'
[2024-08-29T21:49:03.326+0000] {logging_mixin.py:190} INFO - Task instance is in running state
[2024-08-29T21:49:03.327+0000] {logging_mixin.py:190} INFO -  Previous state of the Task instance: queued
[2024-08-29T21:49:03.328+0000] {logging_mixin.py:190} INFO - Current task name:store_prices state:running start_date:2024-08-29 21:49:03.129128+00:00
[2024-08-29T21:49:03.328+0000] {logging_mixin.py:190} INFO - Dag name:stock_market and current dag run status:running
[2024-08-29T21:49:03.328+0000] {taskinstance.py:731} INFO - ::endgroup::
[2024-08-29T21:49:03.343+0000] {base.py:84} INFO - Retrieving connection 'minio'
[2024-08-29T21:49:03.435+0000] {python.py:240} INFO - Done. Returned value was: stock-market/AAPL
[2024-08-29T21:49:03.451+0000] {taskinstance.py:340} INFO - ::group::Post task execution logs
[2024-08-29T21:49:03.452+0000] {taskinstance.py:352} INFO - Marking task as SUCCESS. dag_id=stock_market, task_id=store_prices, run_id=scheduled__2024-08-28T00:00:00+00:00, execution_date=20240828T000000, start_date=20240829T214903, end_date=20240829T214903
[2024-08-29T21:49:03.458+0000] {logging_mixin.py:190} INFO - Task instance in success state
[2024-08-29T21:49:03.458+0000] {logging_mixin.py:190} INFO -  Previous state of the Task instance: running
[2024-08-29T21:49:03.459+0000] {logging_mixin.py:190} INFO - Dag name:stock_market queued_at:2024-08-29 21:48:40.469632+00:00
[2024-08-29T21:49:03.459+0000] {logging_mixin.py:190} INFO - Task hostname:ea1894f07d47 operator:PythonOperator
[2024-08-29T21:49:03.507+0000] {local_task_job_runner.py:261} INFO - Task exited with return code 0
[2024-08-29T21:49:03.525+0000] {taskinstance.py:3891} INFO - 1 downstream tasks scheduled from follow-on schedule check
[2024-08-29T21:49:03.525+0000] {local_task_job_runner.py:240} INFO - ::endgroup::
