[2024-08-29T00:00:03.926+0000] {local_task_job_runner.py:123} INFO - ::group::Pre task execution logs
[2024-08-29T00:00:03.932+0000] {taskinstance.py:2603} INFO - Dependencies all met for dep_context=non-requeueable deps ti=<TaskInstance: taskflow.task_a scheduled__2024-08-28T00:00:00+00:00 [queued]>
[2024-08-29T00:00:03.935+0000] {taskinstance.py:2603} INFO - Dependencies all met for dep_context=requeueable deps ti=<TaskInstance: taskflow.task_a scheduled__2024-08-28T00:00:00+00:00 [queued]>
[2024-08-29T00:00:03.935+0000] {taskinstance.py:2856} INFO - Starting attempt 1 of 1
[2024-08-29T00:00:03.940+0000] {taskinstance.py:2879} INFO - Executing <Task(_PythonDecoratedOperator): task_a> on 2024-08-28 00:00:00+00:00
[2024-08-29T00:00:03.945+0000] {warnings.py:112} WARNING - /home/***/.local/lib/python3.12/site-packages/***/task/task_runner/standard_task_runner.py:70: DeprecationWarning: This process (pid=2831) is multi-threaded, use of fork() may lead to deadlocks in the child.
  pid = os.fork()

[2024-08-29T00:00:03.948+0000] {standard_task_runner.py:72} INFO - Started process 2833 to run task
[2024-08-29T00:00:03.948+0000] {standard_task_runner.py:104} INFO - Running: ['***', 'tasks', 'run', 'taskflow', 'task_a', 'scheduled__2024-08-28T00:00:00+00:00', '--job-id', '7', '--raw', '--subdir', 'DAGS_FOLDER/taskflow.py', '--cfg-path', '/tmp/tmpx0nru4tn']
[2024-08-29T00:00:03.949+0000] {standard_task_runner.py:105} INFO - Job 7: Subtask task_a
[2024-08-29T00:00:03.985+0000] {task_command.py:467} INFO - Running <TaskInstance: taskflow.task_a scheduled__2024-08-28T00:00:00+00:00 [running]> on host 79c40605ee40
[2024-08-29T00:00:04.018+0000] {taskinstance.py:3122} INFO - Exporting env vars: AIRFLOW_CTX_DAG_OWNER='***' AIRFLOW_CTX_DAG_ID='taskflow' AIRFLOW_CTX_TASK_ID='task_a' AIRFLOW_CTX_EXECUTION_DATE='2024-08-28T00:00:00+00:00' AIRFLOW_CTX_TRY_NUMBER='1' AIRFLOW_CTX_DAG_RUN_ID='scheduled__2024-08-28T00:00:00+00:00'
[2024-08-29T00:00:04.019+0000] {logging_mixin.py:190} INFO - Task instance is in running state
[2024-08-29T00:00:04.019+0000] {logging_mixin.py:190} INFO -  Previous state of the Task instance: queued
[2024-08-29T00:00:04.020+0000] {logging_mixin.py:190} INFO - Current task name:task_a state:running start_date:2024-08-29 00:00:03.932776+00:00
[2024-08-29T00:00:04.020+0000] {logging_mixin.py:190} INFO - Dag name:taskflow and current dag run status:running
[2024-08-29T00:00:04.020+0000] {taskinstance.py:731} INFO - ::endgroup::
[2024-08-29T00:00:04.020+0000] {logging_mixin.py:190} INFO - Task A
[2024-08-29T00:00:04.020+0000] {python.py:240} INFO - Done. Returned value was: 42
[2024-08-29T00:00:04.028+0000] {taskinstance.py:340} INFO - ::group::Post task execution logs
[2024-08-29T00:00:04.029+0000] {taskinstance.py:352} INFO - Marking task as SUCCESS. dag_id=taskflow, task_id=task_a, run_id=scheduled__2024-08-28T00:00:00+00:00, execution_date=20240828T000000, start_date=20240829T000003, end_date=20240829T000004
[2024-08-29T00:00:04.032+0000] {logging_mixin.py:190} INFO - Task instance in success state
[2024-08-29T00:00:04.032+0000] {logging_mixin.py:190} INFO -  Previous state of the Task instance: running
[2024-08-29T00:00:04.032+0000] {logging_mixin.py:190} INFO - Dag name:taskflow queued_at:2024-08-29 00:00:00.585899+00:00
[2024-08-29T00:00:04.032+0000] {logging_mixin.py:190} INFO - Task hostname:79c40605ee40 operator:_PythonDecoratedOperator
[2024-08-29T00:00:04.051+0000] {local_task_job_runner.py:261} INFO - Task exited with return code 0
[2024-08-29T00:00:04.060+0000] {taskinstance.py:3891} INFO - 1 downstream tasks scheduled from follow-on schedule check
[2024-08-29T00:00:04.060+0000] {local_task_job_runner.py:240} INFO - ::endgroup::
